> Task :compileJava
Note: Some input files use or override a deprecated API.
Note: Recompile with -Xlint:deprecation for details.
Note: Some input files use unchecked or unsafe operations.
Note: Recompile with -Xlint:unchecked for details.

> Task :jar
warning: Export com.hivemq.client.mqtt.exceptions,  has 1,  private references [com.hivemq.client.internal.util]
warning: Export com.hivemq.client.mqtt.mqtt3.exceptions,  has 1,  private references [com.hivemq.client.internal.util]
warning: Export com.hivemq.client.mqtt.mqtt5.exceptions,  has 1,  private references [com.hivemq.client.internal.util]

> Task :hivemq-mqtt-client-reactor:compileJava
Note: Some input files use unchecked or unsafe operations.
Note: Recompile with -Xlint:unchecked for details.

> Task :hivemq-mqtt-client-examples:spotbugsMain
H I Dm: Found reliance on default encoding in com.hivemq.client.mqtt.examples.RequestResponse.lambda$main$2(Mqtt5Client, Mqtt5SubAck): String.getBytes()  At RequestResponse.java:[line 59]
H I Dm: Found reliance on default encoding in com.hivemq.client.mqtt.examples.RequestResponse.lambda$main$0(Mqtt5Publish): String.getBytes()  At RequestResponse.java:[line 45]
M D DLS: Dead store to client1 in com.hivemq.client.mqtt.examples.ReconnectStrategy.defaultReconnect()  At ReconnectStrategy.java:[line 46]
H I Dm: Found reliance on default encoding in com.hivemq.client.mqtt.examples.Mqtt5Features.main(String[]): String.getBytes()  At Mqtt5Features.java:[line 60]

> Task :hivemq-mqtt-client-examples:spotbugsMain FAILED

> Task :spotbugsMain
M V EI: com.hivemq.client.internal.mqtt.codec.decoder.MqttDecoderContext.getTopicAliasMapping() may expose internal representation by returning MqttDecoderContext.topicAliasMapping  At MqttDecoderContext.java:[line 61]
H D NP: Method new com.hivemq.client.mqtt.mqtt5.exceptions.Mqtt5MessageException(String) overrides the nullness annotation of parameter message in an incompatible way  At Mqtt5MessageException.java:[lines 30-31]
H D NP: Method new com.hivemq.client.mqtt.mqtt5.exceptions.Mqtt5MessageException(Throwable) overrides the nullness annotation of parameter cause in an incompatible way  At Mqtt5MessageException.java:[lines 34-35]
H D NP: Method new com.hivemq.client.mqtt.mqtt5.exceptions.Mqtt5MessageException(Mqtt5MessageException) overrides the nullness annotation of parameter e in an incompatible way  At Mqtt5MessageException.java:[lines 38-39]
H D NP: Method new com.hivemq.client.mqtt.mqtt3.exceptions.Mqtt3MessageException(Mqtt3MessageException) overrides the nullness annotation of parameter e in an incompatible way  At Mqtt3MessageException.java:[lines 36-37]
H D NP: Method new com.hivemq.client.mqtt.mqtt3.exceptions.Mqtt3DisconnectException(Mqtt3DisconnectException) overrides the nullness annotation of parameter e in an incompatible way  At Mqtt3DisconnectException.java:[lines 35-36]
H D NP: string must be non-null but is marked as nullable  At Checks.java:[lines 39-43]
H D NP: array must be non-null but is marked as nullable  At Checks.java:[lines 75-80]
M V EI2: com.hivemq.client.internal.rx.WithSingleStrictSubscriber.onError(Throwable) may expose internal representation by storing an externally mutable object into WithSingleStrictSubscriber.error  At WithSingleStrictSubscriber.java:[line 87]
M V EI2: new com.hivemq.client.internal.mqtt.handler.websocket.MqttWebSocketHttpHeaders(Map) may expose internal representation by storing an externally mutable object into MqttWebSocketHttpHeaders.httpHeaders  At MqttWebSocketHttpHeaders.java:[line 33]
H D RV: Return value of com.hivemq.client.internal.util.Checks.index(int, int) ignored, but method has no side effect  At ImmutableIntElement.java:[line 42]
H D NP: Method new com.hivemq.client.mqtt.mqtt3.exceptions.Mqtt3SubAckException(Mqtt3SubAckException) overrides the nullness annotation of parameter e in an incompatible way  At Mqtt3SubAckException.java:[lines 39-41]
H C NP: Possible null pointer dereference of FlowableWithSingle$SingleFutureSubscriber.subscriber in com.hivemq.client.rx.FlowableWithSingle$SingleFutureSubscriber.onSubscribe(Subscription)  Dereferenced at FlowableWithSingle.java:[line 392]
H C NP: Possible null pointer dereference of table in com.hivemq.client.internal.util.collections.IntIndex.get(int)  Dereferenced at IntIndex.java:[line 148]
H C NP: Possible null pointer dereference of table in com.hivemq.client.internal.util.collections.IntIndex.put(Object, boolean)  Dereferenced at IntIndex.java:[line 96]
H C NP: Possible null pointer dereference of table in com.hivemq.client.internal.util.collections.IntIndex.remove(int)  Dereferenced at IntIndex.java:[line 180]
H C NP: Possible null pointer dereference of IntIndex.table in com.hivemq.client.internal.util.collections.IntIndex.forEach(Consumer)  Dereferenced at IntIndex.java:[line 250]
M C NP: Possible null pointer dereference of IntIndex.table in com.hivemq.client.internal.util.collections.IntIndex.addedNode()  Dereferenced at IntIndex.java:[line 276]
M C NP: Possible null pointer dereference of IntIndex.table in com.hivemq.client.internal.util.collections.IntIndex.clear()  Dereferenced at IntIndex.java:[line 238]

> Task :hivemq-mqtt-client-reactor:spotbugsMain FAILED
H C NP: Possible null pointer dereference of FluxWithSingleCombine$CombineSubscriber.subscription in com.hivemq.client.internal.rx.reactor.operators.FluxWithSingleCombine$CombineSubscriber.request(long)  Dereferenced at FluxWithSingleCombine.java:[line 142]
H C NP: Possible null pointer dereference of FluxWithSingleCombine$CombineSubscriber.subscription in com.hivemq.client.internal.rx.reactor.operators.FluxWithSingleCombine$CombineSubscriber.request(long)  Dereferenced at FluxWithSingleCombine.java:[line 146]
H C NP: Possible null pointer dereference of FluxWithSingle$SingleFutureSubscriber.subscriber in com.hivemq.client.rx.reactor.FluxWithSingle$SingleFutureSubscriber.onSubscribe(Subscription)  Dereferenced at FluxWithSingle.java:[line 360]

> Task :spotbugsMain
M C NP: Possible null pointer dereference of IntIndex.table in com.hivemq.client.internal.util.collections.IntIndex.removed()  Dereferenced at IntIndex.java:[line 369]
H D NP: Method new com.hivemq.client.mqtt.mqtt5.exceptions.Mqtt5AuthException(Mqtt5AuthException) overrides the nullness annotation of parameter e in an incompatible way  At Mqtt5AuthException.java:[lines 36-38]
H C NP: Possible null pointer dereference of FlowableWithSingleCombine$CombineSubscriber.subscription in com.hivemq.client.internal.rx.operators.FlowableWithSingleCombine$CombineSubscriber.request(long)  Dereferenced at FlowableWithSingleCombine.java:[line 139]
H D NP: Method new com.hivemq.client.mqtt.exceptions.ConnectionClosedException(String) overrides the nullness annotation of parameter message in an incompatible way  At ConnectionClosedException.java:[lines 31-32]
H D NP: Method new com.hivemq.client.mqtt.exceptions.ConnectionClosedException(Throwable) overrides the nullness annotation of parameter cause in an incompatible way  At ConnectionClosedException.java:[lines 35-36]
H D NP: Method new com.hivemq.client.mqtt.exceptions.ConnectionClosedException(ConnectionClosedException) overrides the nullness annotation of parameter e in an incompatible way  At ConnectionClosedException.java:[lines 39-40]
H C NP: Possible null pointer dereference of table in com.hivemq.client.internal.util.collections.Index.remove(Object)  Dereferenced at Index.java:[line 184]
H C NP: Possible null pointer dereference of Index.table in com.hivemq.client.internal.util.collections.Index.any()  Dereferenced at Index.java:[line 254]
H C NP: Possible null pointer dereference of table in com.hivemq.client.internal.util.collections.Index.put(Object, boolean)  Dereferenced at Index.java:[line 98]
M C NP: Possible null pointer dereference of Index.table in com.hivemq.client.internal.util.collections.Index.removed()  Dereferenced at Index.java:[line 386]
H C NP: Possible null pointer dereference of Index.table in com.hivemq.client.internal.util.collections.Index.forEach(Consumer)  Dereferenced at Index.java:[line 267]
M C NP: Possible null pointer dereference of Index.table in com.hivemq.client.internal.util.collections.Index.addedNode()  Dereferenced at Index.java:[line 293]
M C NP: Possible null pointer dereference of Index.table in com.hivemq.client.internal.util.collections.Index.clear()  Dereferenced at Index.java:[line 242]
H C NP: Possible null pointer dereference of table in com.hivemq.client.internal.util.collections.Index.get(Object)  Dereferenced at Index.java:[line 151]
M D Eq: com.hivemq.client.internal.util.collections.ImmutableArray$SubArray doesn't override ImmutableArray.equals(Object)  At ImmutableArray.java:[line 1]
M B CT: Exception thrown in class com.hivemq.client.internal.util.collections.ImmutableArray$SubArray at new com.hivemq.client.internal.util.collections.ImmutableArray$SubArray(Object[], int, int) will leave the constructor. The object under construction remains partially initialized and may be vulnerable to Finalizer attacks.  At ImmutableArray.java:[line 224]
H D NP: Method new com.hivemq.client.mqtt.mqtt5.exceptions.Mqtt5ConnAckException(Mqtt5ConnAckException) overrides the nullness annotation of parameter e in an incompatible way  At Mqtt5ConnAckException.java:[lines 36-38]
H D NP: Method new com.hivemq.client.mqtt.exceptions.MqttDecodeException(String) overrides the nullness annotation of parameter message in an incompatible way  At MqttDecodeException.java:[lines 31-32]
H D NP: Method new com.hivemq.client.mqtt.exceptions.MqttDecodeException(MqttDecodeException) overrides the nullness annotation of parameter e in an incompatible way  At MqttDecodeException.java:[lines 35-36]
H D NP: Method new com.hivemq.client.mqtt.mqtt3.exceptions.Mqtt3PubAckException(Mqtt3PubAckException) overrides the nullness annotation of parameter e in an incompatible way  At Mqtt3PubAckException.java:[lines 35-36]
M B CT: Exception thrown in class com.hivemq.client.internal.util.collections.ImmutableIntArray at new com.hivemq.client.internal.util.collections.ImmutableIntArray(int[]) will leave the constructor. The object under construction remains partially initialized and may be vulnerable to Finalizer attacks.  At ImmutableIntArray.java:[line 35]
H D NP: Method new com.hivemq.client.mqtt.mqtt3.exceptions.Mqtt3ConnAckException(Mqtt3ConnAckException) overrides the nullness annotation of parameter e in an incompatible way  At Mqtt3ConnAckException.java:[lines 39-41]
H D NP: Method new com.hivemq.client.mqtt.mqtt5.exceptions.Mqtt5UnsubAckException(Mqtt5UnsubAckException) overrides the nullness annotation of parameter e in an incompatible way  At Mqtt5UnsubAckException.java:[lines 36-38]
H D NP: Method new com.hivemq.client.mqtt.exceptions.MqttSessionExpiredException(String, Throwable) overrides the nullness annotation of parameter message in an incompatible way  At MqttSessionExpiredException.java:[lines 31-32]
H D NP: Method new com.hivemq.client.mqtt.exceptions.MqttSessionExpiredException(String, Throwable) overrides the nullness annotation of parameter cause in an incompatible way  At MqttSessionExpiredException.java:[lines 31-32]
H D NP: Method new com.hivemq.client.mqtt.exceptions.MqttSessionExpiredException(MqttSessionExpiredException) overrides the nullness annotation of parameter e in an incompatible way  At MqttSessionExpiredException.java:[lines 35-36]
H D NP: Method new com.hivemq.client.mqtt.mqtt3.exceptions.Mqtt3PubRecException(Mqtt3PubRecException) overrides the nullness annotation of parameter e in an incompatible way  At Mqtt3PubRecException.java:[lines 35-36]
M C RV: Return value of io.reactivex.Flowable.subscribe(Consumer) ignored in com.hivemq.client.rx.FlowableWithSingle.subscribeSingleFuture(Consumer)  At FlowableWithSingle.java:[line 260]
M C RV: Return value of io.reactivex.Flowable.subscribe(Consumer, Consumer) ignored in com.hivemq.client.rx.FlowableWithSingle.subscribeSingleFuture(Consumer, Consumer)  At FlowableWithSingle.java:[line 290]
M C RV: Return value of io.reactivex.Flowable.subscribe(Consumer, Consumer, Action) ignored in com.hivemq.client.rx.FlowableWithSingle.subscribeSingleFuture(Consumer, Consumer, Action)  At FlowableWithSingle.java:[line 324]
H D NP: Method new com.hivemq.client.mqtt.exceptions.ConnectionFailedException(String) overrides the nullness annotation of parameter message in an incompatible way  At ConnectionFailedException.java:[lines 31-32]
H D NP: Method new com.hivemq.client.mqtt.exceptions.ConnectionFailedException(Throwable) overrides the nullness annotation of parameter cause in an incompatible way  At ConnectionFailedException.java:[lines 35-36]
H D NP: Method new com.hivemq.client.mqtt.exceptions.ConnectionFailedException(ConnectionFailedException) overrides the nullness annotation of parameter e in an incompatible way  At ConnectionFailedException.java:[lines 39-40]
H D NP: Method new com.hivemq.client.mqtt.mqtt5.exceptions.Mqtt5PubAckException(Mqtt5PubAckException) overrides the nullness annotation of parameter e in an incompatible way  At Mqtt5PubAckException.java:[lines 36-38]
M V EI2: new com.hivemq.client.internal.util.ByteArray(byte[]) may expose internal representation by storing an externally mutable object into ByteArray.array  At ByteArray.java:[line 30]
H D NP: Method new com.hivemq.client.mqtt.mqtt3.exceptions.Mqtt3UnsubAckException(Mqtt3UnsubAckException) overrides the nullness annotation of parameter e in an incompatible way  At Mqtt3UnsubAckException.java:[lines 35-36]
H D NP: Method new com.hivemq.client.mqtt.mqtt5.exceptions.Mqtt5SubAckException(Mqtt5SubAckException) overrides the nullness annotation of parameter e in an incompatible way  At Mqtt5SubAckException.java:[lines 36-38]
H D NP: Method new com.hivemq.client.mqtt.exceptions.MqttEncodeException(String) overrides the nullness annotation of parameter message in an incompatible way  At MqttEncodeException.java:[lines 31-32]
H D NP: Method new com.hivemq.client.mqtt.exceptions.MqttEncodeException(MqttEncodeException) overrides the nullness annotation of parameter e in an incompatible way  At MqttEncodeException.java:[lines 35-36]
H D NP: Method new com.hivemq.client.mqtt.mqtt5.exceptions.Mqtt5DisconnectException(Mqtt5DisconnectException) overrides the nullness annotation of parameter e in an incompatible way  At Mqtt5DisconnectException.java:[lines 41-43]
H D NP: consumer must be non-null but is marked as nullable  At ImmutableElement.java:[lines 103-105]
H D NP: other must be non-null but is marked as nullable  At ImmutableElement.java:[lines 70-78]
M D RV: Return value of com.hivemq.client.internal.util.Checks.index(int, int) ignored, but method has no side effect  At ImmutableElement.java:[line 59]
H D NP: Method new com.hivemq.client.mqtt.exceptions.MqttClientStateException(String) overrides the nullness annotation of parameter message in an incompatible way  At MqttClientStateException.java:[lines 32-33]
H D NP: Method new com.hivemq.client.mqtt.exceptions.MqttClientStateException(MqttClientStateException) overrides the nullness annotation of parameter e in an incompatible way  At MqttClientStateException.java:[lines 36-37]
H D NP: Method new com.hivemq.client.mqtt.mqtt5.exceptions.Mqtt5PubRecException(Mqtt5PubRecException) overrides the nullness annotation of parameter e in an incompatible way  At Mqtt5PubRecException.java:[lines 36-38]
M D RV: Return value of com.hivemq.client.internal.util.Checks.cursorIndex(int, int) ignored, but method has no side effect  At ImmutableEmptyList.java:[line 80]
M V EI: com.hivemq.client.internal.mqtt.handler.disconnect.MqttDisconnectEvent.getCause() may expose internal representation by returning MqttDisconnectEvent.cause  At MqttDisconnectEvent.java:[line 54]
M V EI: com.hivemq.client.internal.mqtt.message.auth.MqttSimpleAuth.getRawPassword() may expose internal representation by returning MqttSimpleAuth.password  At MqttSimpleAuth.java:[line 60]
M V EI2: new com.hivemq.client.internal.mqtt.message.auth.MqttSimpleAuth(MqttUtf8StringImpl, ByteBuffer) may expose internal representation by storing an externally mutable object into MqttSimpleAuth.password  At MqttSimpleAuth.java:[line 42]
H D NP: string must be non-null but is marked as nullable  At MqttUtf8StringImpl.java:[lines 77-80]
H C IL: There is an apparent infinite recursive loop in com.hivemq.client.internal.mqtt.datatypes.MqttUtf8StringImpl.toBinary()  At MqttUtf8StringImpl.java:[line 290]
H C IL: There is an apparent infinite recursive loop in com.hivemq.client.internal.mqtt.datatypes.MqttUtf8StringImpl.toString()  At MqttUtf8StringImpl.java:[line 314]
M V EI: com.hivemq.client.internal.mqtt.message.auth.MqttEnhancedAuth.getRawData() may expose internal representation by returning MqttEnhancedAuth.data  At MqttEnhancedAuth.java:[line 55]
M V EI2: new com.hivemq.client.internal.mqtt.message.auth.MqttEnhancedAuth(MqttUtf8StringImpl, ByteBuffer) may expose internal representation by storing an externally mutable object into MqttEnhancedAuth.data  At MqttEnhancedAuth.java:[line 41]
M B CT: Exception thrown in class com.hivemq.client.internal.util.collections.ImmutableArray at new com.hivemq.client.internal.util.collections.ImmutableArray(Object[]) will leave the constructor. The object under construction remains partially initialized and may be vulnerable to Finalizer attacks.  At ImmutableArray.java:[line 48]
H D NP: string must be non-null but is marked as nullable  At MqttClientIdentifierImpl.java:[lines 52-55]
M D RCN: Redundant nullcheck of com.hivemq.client.internal.util.collections.ImmutableList$Builder.array, which is known to be non-null in com.hivemq.client.internal.util.collections.ImmutableList$Builder.ensureCapacity(int)  Redundant null check at ImmutableList.java:[line 283]
M C NP: Non-null field array is not initialized by new com.hivemq.client.internal.util.collections.ImmutableList$Builder()  At ImmutableList.java:[line 269]
H D NP: elements must be non-null but is marked as nullable  At ImmutableList.java:[lines 75-82]
H D NP: elements must be non-null but is marked as nullable  At ImmutableList.java:[lines 95-106]
H C NP: Null passed for non-null parameter of Mqtt3SimpleAuthView.of(MqttUtf8StringImpl, ByteBuffer) in com.hivemq.client.internal.mqtt.message.auth.mqtt3.Mqtt3SimpleAuthViewBuilder.build()  Method invoked at Mqtt3SimpleAuthViewBuilder.java:[line 62]
M V EI: com.hivemq.client.internal.mqtt.MqttClientConfig.getRawConnectionConfig() may expose internal representation by returning MqttClientConfig.connectionConfig  At MqttClientConfig.java:[line 232]
M V EI: com.hivemq.client.internal.mqtt.MqttClientConfig.getRawState() may expose internal representation by returning MqttClientConfig.state  At MqttClientConfig.java:[line 223]
M V EI2: com.hivemq.client.internal.mqtt.MqttClientConfig.setConnectionConfig(MqttClientConnectionConfig) may expose internal representation by storing an externally mutable object into MqttClientConfig.connectionConfig  At MqttClientConfig.java:[line 236]
M M JLM: Synchronization performed on java.util.concurrent.atomic.AtomicReference in com.hivemq.client.internal.mqtt.MqttClientConfig.acquireEventLoop()  At MqttClientConfig.java:[line 177]
M M JLM: Synchronization performed on java.util.concurrent.atomic.AtomicReference in com.hivemq.client.internal.mqtt.MqttClientConfig.releaseEventLoop()  At MqttClientConfig.java:[line 191]
M M JLM: Synchronization performed on java.util.concurrent.atomic.AtomicReference in com.hivemq.client.internal.mqtt.MqttClientConfig.lambda$releaseEventLoop$0(long)  At MqttClientConfig.java:[line 197]
M V EI2: new com.hivemq.client.internal.mqtt.handler.util.FlowWithEventLoop(MqttClientConfig) may expose internal representation by storing an externally mutable object into FlowWithEventLoop.clientConfig  At FlowWithEventLoop.java:[line 40]
M V EI: com.hivemq.client.internal.mqtt.message.publish.MqttPublish.getRawCorrelationData() may expose internal representation by returning MqttPublish.correlationData  At MqttPublish.java:[line 163]
M V EI: com.hivemq.client.internal.mqtt.message.publish.MqttPublish.getRawPayload() may expose internal representation by returning MqttPublish.payload  At MqttPublish.java:[line 102]
M V EI2: new com.hivemq.client.internal.mqtt.message.publish.MqttPublish(MqttTopicImpl, ByteBuffer, MqttQos, boolean, long, Mqtt5PayloadFormatIndicator, MqttUtf8StringImpl, MqttTopicImpl, ByteBuffer, MqttUserPropertiesImpl, Confirmable) may expose internal representation by storing an externally mutable object into MqttPublish.correlationData  At MqttPublish.java:[line 87]
M V EI2: new com.hivemq.client.internal.mqtt.message.publish.MqttPublish(MqttTopicImpl, ByteBuffer, MqttQos, boolean, long, Mqtt5PayloadFormatIndicator, MqttUtf8StringImpl, MqttTopicImpl, ByteBuffer, MqttUserPropertiesImpl, Confirmable) may expose internal representation by storing an externally mutable object into MqttPublish.payload  At MqttPublish.java:[line 80]
M V EI: com.hivemq.client.internal.mqtt.message.publish.MqttPublishResult.getRawError() may expose internal representation by returning MqttPublishResult.error  At MqttPublishResult.java:[line 55]
M V EI2: new com.hivemq.client.internal.mqtt.message.publish.MqttPublishResult(MqttPublish, Throwable) may expose internal representation by storing an externally mutable object into MqttPublishResult.error  At MqttPublishResult.java:[line 41]
M D Eq: com.hivemq.client.internal.mqtt.message.publish.MqttPublishResult$MqttQos2IntermediateResult doesn't override MqttPublishResult$MqttQos2Result.equals(Object)  At MqttPublishResult.java:[line 1]
H D NP: string must be non-null but is marked as nullable  At MqttTopicFilterImpl.java:[lines 57-64]
M D Eq: com.hivemq.client.internal.mqtt.datatypes.MqttTopicFilterImpl doesn't override MqttUtf8StringImpl.equals(Object)  At MqttTopicFilterImpl.java:[line 1]
M D SF: Switch statement found in com.hivemq.client.internal.mqtt.datatypes.MqttTopicFilterImpl.validateWildcards(byte[], int) where default case is missing  At MqttTopicFilterImpl.java:[lines 137-169]
M D SF: Switch statement found in com.hivemq.client.internal.mqtt.datatypes.MqttTopicFilterImpl.validateWildcards(String, int) where default case is missing  At MqttTopicFilterImpl.java:[lines 193-232]
H C NP: Possible null pointer dereference of MqttTopicFilterImplBuilder.stringBuilder in com.hivemq.client.internal.mqtt.datatypes.MqttTopicFilterImplBuilder$Base.build()  Dereferenced at MqttTopicFilterImplBuilder.java:[line 90]
M V EI: com.hivemq.client.internal.mqtt.message.auth.MqttAuth.getRawData() may expose internal representation by returning MqttAuth.data  At MqttAuth.java:[line 67]
M V EI2: new com.hivemq.client.internal.mqtt.message.auth.MqttAuth(Mqtt5AuthReasonCode, MqttUtf8StringImpl, ByteBuffer, MqttUtf8StringImpl, MqttUserPropertiesImpl) may expose internal representation by storing an externally mutable object into MqttAuth.data  At MqttAuth.java:[line 53]
H D NP: string must be non-null but is marked as nullable  At MqttTopicImpl.java:[lines 58-61]
H C NP: Possible null pointer dereference of MqttTopicImplBuilder.stringBuilder in com.hivemq.client.internal.mqtt.datatypes.MqttTopicImplBuilder.build()  Dereferenced at MqttTopicImplBuilder.java:[line 53]
M D NP: Possible null pointer dereference in com.hivemq.client.internal.mqtt.message.publish.mqtt3.Mqtt3PublishView.toAttributeString() due to return value of called method  Dereferenced at Mqtt3PublishView.java:[line 139]
M V EI2: new com.hivemq.client.internal.mqtt.mqtt3.Mqtt3ClientConfigView(MqttClientConfig) may expose internal representation by storing an externally mutable object into Mqtt3ClientConfigView.delegate  At Mqtt3ClientConfigView.java:[line 51]
H C NP: Null passed for non-null parameter of Mqtt3PublishView.of(MqttTopicImpl, ByteBuffer, MqttQos, boolean) in com.hivemq.client.internal.mqtt.message.publish.mqtt3.Mqtt3PublishViewBuilder$Base.build()  Method invoked at Mqtt3PublishViewBuilder.java:[line 103]
H C NP: Null passed for non-null parameter of Mqtt3PublishView.willOf(MqttTopicImpl, ByteBuffer, MqttQos, boolean) in com.hivemq.client.internal.mqtt.message.publish.mqtt3.Mqtt3PublishViewBuilder$WillBase.build()  Method invoked at Mqtt3PublishViewBuilder.java:[line 201]
H C NP: Possible null pointer dereference of MqttSubscriptionBuilder.topicFilter in com.hivemq.client.internal.mqtt.message.subscribe.MqttSubscriptionBuilder.build()  Dereferenced at MqttSubscriptionBuilder.java:[line 93]
H D NP: subscriptions must be non-null but is marked as nullable  At MqttSubscribeBuilder.java:[lines 92-96]
H D NP: subscriptions must be non-null but is marked as nullable  At MqttSubscribeBuilder.java:[lines 83-88]
H C NP: Possible null pointer dereference of MqttIncomingPublishFlows.globalFlows in com.hivemq.client.internal.mqtt.handler.publish.incoming.MqttIncomingPublishFlows.cancelGlobal(MqttGlobalIncomingPublishFlow)  Dereferenced at MqttIncomingPublishFlows.java:[line 110]
M C NP: Possible null pointer dereference of MqttIncomingPublishFlows.globalFlows in com.hivemq.client.internal.mqtt.handler.publish.incoming.MqttIncomingPublishFlows.clear(Throwable)  Dereferenced at MqttIncomingPublishFlows.java:[line 146]
H C NP: Possible null pointer dereference of MqttIncomingPublishFlows.globalFlows in com.hivemq.client.internal.mqtt.handler.publish.incoming.MqttIncomingPublishFlows.subscribeGlobal(MqttGlobalIncomingPublishFlow)  Dereferenced at MqttIncomingPublishFlows.java:[line 100]
H C NP: Possible null pointer dereference of MqttIncomingPublishFlows.globalFlows in com.hivemq.client.internal.mqtt.handler.publish.incoming.MqttIncomingPublishFlows.findMatching(MqttStatefulPublishWithFlows)  Dereferenced at MqttIncomingPublishFlows.java:[line 123]
H C NP: Possible null pointer dereference of MqttIncomingPublishFlows.globalFlows in com.hivemq.client.internal.mqtt.handler.publish.incoming.MqttIncomingPublishFlows.findMatching(MqttStatefulPublishWithFlows)  Dereferenced at MqttIncomingPublishFlows.java:[line 125]
H D NP: topicFilters must be non-null but is marked as nullable  At MqttUnsubscribeBuilder.java:[lines 83-87]
H D NP: topicFilters must be non-null but is marked as nullable  At MqttUnsubscribeBuilder.java:[lines 91-94]
H C NP: Null passed for non-null parameter of new MqttWillPublish(MqttTopicImpl, ByteBuffer, MqttQos, boolean, long, Mqtt5PayloadFormatIndicator, MqttUtf8StringImpl, MqttTopicImpl, ByteBuffer, MqttUserPropertiesImpl, long) in com.hivemq.client.internal.mqtt.message.publish.MqttPublishBuilder$WillBase.build()  Method invoked at MqttPublishBuilder.java:[line 286]
H D NP: $L2 must be non-null but is marked as nullable  At MqttProxyConfigImplBuilder.java:[lines 111-114]
H D NP: $L2 must be non-null but is marked as nullable  At MqttClientSslConfigImplBuilder.java:[lines 80-83]
M D UC: Useless object created in method com.hivemq.client.internal.mqtt.MqttClientSslConfigImpl.<static initializer for MqttClientSslConfigImpl>()  At MqttClientSslConfigImpl.java:[line 40]
M V EI: com.hivemq.client.internal.mqtt.lifecycle.MqttClientConnectedContextImpl.getClientConfig() may expose internal representation by returning MqttClientConnectedContextImpl.clientConfig  At MqttClientConnectedContextImpl.java:[line 60]
H D NP: httpHeaders must be non-null but is marked as nullable  At MqttWebSocketConfigImplBuilder.java:[lines 76-78]
H D NP: $L2 must be non-null but is marked as nullable  At MqttWebSocketConfigImplBuilder.java:[lines 69-72]
M V EI2: com.hivemq.client.internal.mqtt.MqttWebSocketConfigImplBuilder.httpHeaders(Map) may expose internal representation by storing an externally mutable object into MqttWebSocketConfigImplBuilder.httpHeaders  At MqttWebSocketConfigImplBuilder.java:[line 77]
H D NP: $L2 must be non-null but is marked as nullable  At MqttClientTransportConfigImplBuilder.java:[lines 226-229]
H D NP: $L2 must be non-null but is marked as nullable  At MqttClientTransportConfigImplBuilder.java:[lines 219-222]
M V EI: com.hivemq.client.internal.mqtt.MqttWebSocketConfigImpl.getHttpHeaders() may expose internal representation by returning MqttWebSocketConfigImpl.httpHeaders  At MqttWebSocketConfigImpl.java:[line 78]
H D NP: $L2 must be non-null but is marked as nullable  At MqttClientReconnector.java:[lines 131-134]
M V EI: com.hivemq.client.internal.mqtt.lifecycle.mqtt3.Mqtt3ClientDisconnectedContextView.getCause() may expose internal representation by returning Mqtt3ClientDisconnectedContextView.cause  At Mqtt3ClientDisconnectedContextView.java:[line 72]
M V EI: com.hivemq.client.internal.mqtt.lifecycle.MqttClientDisconnectedContextImpl.getCause() may expose internal representation by returning MqttClientDisconnectedContextImpl.cause  At MqttClientDisconnectedContextImpl.java:[line 73]
M V EI: com.hivemq.client.internal.mqtt.lifecycle.MqttClientDisconnectedContextImpl.getClientConfig() may expose internal representation by returning MqttClientDisconnectedContextImpl.clientConfig  At MqttClientDisconnectedContextImpl.java:[line 63]
M V EI2: new com.hivemq.client.internal.mqtt.handler.connect.MqttConnAckSingle(MqttClientConfig, MqttConnect) may expose internal representation by storing an externally mutable object into MqttConnAckSingle.clientConfig  At MqttConnAckSingle.java:[line 55]
H C NP: Null passed for non-null parameter of Mqtt3SubscriptionView.of(MqttTopicFilterImpl, MqttQos) in com.hivemq.client.internal.mqtt.message.subscribe.mqtt3.Mqtt3SubscriptionViewBuilder.build()  Method invoked at Mqtt3SubscriptionViewBuilder.java:[line 72]
H D NP: userProperties must be non-null but is marked as nullable  At MqttUserPropertiesImplBuilder.java:[lines 76-79]
H D NP: userProperties must be non-null but is marked as nullable  At MqttUserPropertiesImplBuilder.java:[lines 83-85]
H D NP: subscriptions must be non-null but is marked as nullable  At Mqtt3SubscribeViewBuilder.java:[lines 79-84]
H D NP: subscriptions must be non-null but is marked as nullable  At Mqtt3SubscribeViewBuilder.java:[lines 88-92]
H C NP: Possible null pointer dereference of MqttTopicFilterImplBuilder.stringBuilder in com.hivemq.client.internal.mqtt.datatypes.MqttTopicFilterImplBuilder$SharedBase.build()  Dereferenced at MqttTopicFilterImplBuilder.java:[line 174]
H D NP: topicFilters must be non-null but is marked as nullable  At Mqtt3UnsubscribeViewBuilder.java:[lines 88-91]
H D NP: topicFilters must be non-null but is marked as nullable  At Mqtt3UnsubscribeViewBuilder.java:[lines 80-84]
H D NP: shareName must be non-null but is marked as nullable  At MqttSharedTopicFilterImpl.java:[lines 181-195]
H D NP: shareName must be non-null but is marked as nullable  At MqttSharedTopicFilterImpl.java:[lines 167-170]
H D NP: shareName must be non-null but is marked as nullable  At MqttSharedTopicFilterImpl.java:[lines 146-152]
H D NP: topicFilter must be non-null but is marked as nullable  At MqttSharedTopicFilterImpl.java:[lines 146-152]
M D Eq: com.hivemq.client.internal.mqtt.datatypes.MqttSharedTopicFilterImpl doesn't override MqttUtf8StringImpl.equals(Object)  At MqttSharedTopicFilterImpl.java:[line 1]
H C NP: Null passed for non-null parameter of new MqttPublish(MqttTopicImpl, ByteBuffer, MqttQos, boolean, long, Mqtt5PayloadFormatIndicator, MqttUtf8StringImpl, MqttTopicImpl, ByteBuffer, MqttUserPropertiesImpl, Confirmable) in com.hivemq.client.internal.mqtt.message.publish.MqttPublishBuilder$Base.build()  Method invoked at MqttPublishBuilder.java:[line 188]
M D SF: Switch statement found in com.hivemq.client.internal.mqtt.handler.publish.outgoing.MqttAckSingleFlowable$Flow.onNext(MqttPublishResult) where default case is missing  At MqttAckSingleFlowable.java:[lines 90-103]
M V EI2: new com.hivemq.client.internal.mqtt.handler.disconnect.MqttDisconnectCompletable(MqttClientConfig, MqttDisconnect) may expose internal representation by storing an externally mutable object into MqttDisconnectCompletable.clientConfig  At MqttDisconnectCompletable.java:[line 41]
M V EI2: new com.hivemq.client.internal.mqtt.handler.publish.outgoing.MqttAckFlowable(MqttClientConfig, Flowable) may expose internal representation by storing an externally mutable object into MqttAckFlowable.clientConfig  At MqttAckFlowable.java:[line 40]
M V EI2: new com.hivemq.client.internal.mqtt.handler.publish.outgoing.MqttAckSingleFlowable(MqttClientConfig, MqttPublish) may expose internal representation by storing an externally mutable object into MqttAckSingleFlowable.clientConfig  At MqttAckSingleFlowable.java:[line 44]
M V EI2: new com.hivemq.client.internal.mqtt.handler.publish.outgoing.MqttAckSingle(MqttClientConfig, MqttPublish) may expose internal representation by storing an externally mutable object into MqttAckSingle.clientConfig  At MqttAckSingle.java:[line 43]
M V EI2: new com.hivemq.client.internal.mqtt.handler.publish.incoming.MqttGlobalIncomingPublishFlowable(MqttGlobalPublishFilter, MqttClientConfig, boolean) may expose internal representation by storing an externally mutable object into MqttGlobalIncomingPublishFlowable.clientConfig  At MqttGlobalIncomingPublishFlowable.java:[line 43]
M V EI2: new com.hivemq.client.internal.mqtt.handler.subscribe.MqttSubAckSingle(MqttSubscribe, MqttClientConfig) may expose internal representation by storing an externally mutable object into MqttSubAckSingle.clientConfig  At MqttSubAckSingle.java:[line 38]
M V EI2: new com.hivemq.client.internal.mqtt.handler.auth.MqttReAuthCompletable(MqttClientConfig) may expose internal representation by storing an externally mutable object into MqttReAuthCompletable.clientConfig  At MqttReAuthCompletable.java:[line 38]
M V EI2: new com.hivemq.client.internal.mqtt.handler.publish.incoming.MqttSubscribedPublishFlowable(MqttSubscribe, MqttClientConfig, boolean) may expose internal representation by storing an externally mutable object into MqttSubscribedPublishFlowable.clientConfig  At MqttSubscribedPublishFlowable.java:[line 45]
M V EI2: new com.hivemq.client.internal.mqtt.handler.subscribe.MqttUnsubAckSingle(MqttUnsubscribe, MqttClientConfig) may expose internal representation by storing an externally mutable object into MqttUnsubAckSingle.clientConfig  At MqttUnsubAckSingle.java:[line 40]
H D NP: publishFlowable must be non-null but is marked as nullable  At MqttRxClient.java:[lines 208-210]
H D NP: filter must be non-null but is marked as nullable  At MqttRxClient.java:[lines 168-170]
M V EI2: new com.hivemq.client.internal.mqtt.MqttRxClient(MqttClientConfig) may expose internal representation by storing an externally mutable object into MqttRxClient.clientConfig  At MqttRxClient.java:[line 71]
M V EI: com.hivemq.client.internal.mqtt.MqttRxClient.getConfig() may expose internal representation by returning MqttRxClient.clientConfig  At MqttRxClient.java:[line 270]
H D NP: filter must be non-null but is marked as nullable  At MqttBlockingClient.java:[lines 137-139]
H D NP: filter must be non-null but is marked as nullable  At MqttAsyncClient.java:[lines 216-223]
H D NP: callback must be non-null but is marked as nullable  At MqttAsyncClient.java:[lines 216-223]
H D NP: callback must be non-null but is marked as nullable  At MqttAsyncClient.java:[lines 153-156]
H D NP: callback must be non-null but is marked as nullable  At MqttAsyncClient.java:[lines 167-171]
H D NP: callback must be non-null but is marked as nullable  At MqttAsyncClient.java:[lines 203-207]
H D NP: publishFlowable must be non-null but is marked as nullable  At Mqtt3RxClientView.java:[lines 186-188]
H D NP: disconnectedListener must be non-null but is marked as nullable  At MqttRxClientBuilderBase.java:[lines 169-174]
H D NP: connectedListener must be non-null but is marked as nullable  At MqttRxClientBuilderBase.java:[lines 160-165]
M C NP: Possible null pointer dereference of MqttSubscribedPublishFlowTree$TopicTreeNode.parent in com.hivemq.client.internal.mqtt.handler.publish.incoming.MqttSubscribedPublishFlowTree$TopicTreeNode.compact()  Dereferenced at MqttSubscribedPublishFlowTree.java:[line 487]
H D NP: callback must be non-null but is marked as nullable  At Mqtt3AsyncClientView.java:[lines 141-144]
H D NP: callback must be non-null but is marked as nullable  At Mqtt3AsyncClientView.java:[lines 154-158]
H D NP: callback must be non-null but is marked as nullable  At Mqtt3AsyncClientView.java:[lines 188-192]
H D NP: callback must be non-null but is marked as nullable  At Mqtt3AsyncClientView.java:[lines 201-206]
M B IC: Initialization of com.hivemq.client.internal.mqtt.ioc.SingletonComponent accesses class com.hivemq.client.internal.mqtt.ioc.DaggerSingletonComponent, which isn't initialized yet  At SingletonComponent.java:[line 33]
H C NP: Possible null pointer dereference of com.hivemq.client.internal.mqtt.handler.MqttConnectionAwareHandler.ctx in com.hivemq.client.internal.mqtt.handler.ping.MqttPingHandler.run()  Dereferenced at MqttPingHandler.java:[line 122]
H V MS: com.hivemq.client.mqtt.MqttWebSocketConfig.DEFAULT_HTTP_HEADERS is a mutable collection  At MqttWebSocketConfig.java:[line 61]
